<?xml version="1.0" encoding="UTF-8"?>
<!-- Generated by org.testng.reporters.JUnitReportReporter -->
<testsuite hostname="LAPTOP-K7M0D56R" failures="0" tests="1" name="KitezerodhaTest.PinPageTest" time="3.087" errors="0" timestamp="2022-06-18T00:44:52 IST" skipped="0">
  <testcase classname="KitezerodhaTest.PinPageTest" name="loginWithvalidCredentials" time="3.087"/>
  <system-out/>
</testsuite> <!-- KitezerodhaTest.PinPageTest -->
