<?xml version="1.0" encoding="UTF-8"?>
<!-- Generated by org.testng.reporters.JUnitReportReporter -->
<testsuite hostname="LAPTOP-K7M0D56R" failures="0" tests="2" name="POM.Practice" time="0.015" errors="0" timestamp="2022-06-02T21:06:22 IST" skipped="0">
  <testcase classname="POM.Practice" name="test2" time="0.007"/>
  <system-out/>
  <testcase classname="POM.Practice" name="test1" time="0.008"/>
  <system-out/>
</testsuite> <!-- POM.Practice -->
