<?xml version="1.0" encoding="UTF-8"?>
<!-- Generated by org.testng.reporters.JUnitReportReporter -->
<testsuite hostname="LAPTOP-K7M0D56R" failures="0" tests="1" name="KitezerodhaTest.SignUPTest" time="5.040" errors="0" timestamp="2022-06-16T01:25:20 IST" skipped="0">
  <testcase classname="KitezerodhaTest.SignUPTest" name="ClickOnSignUpTest" time="5.040"/>
  <system-out/>
</testsuite> <!-- KitezerodhaTest.SignUPTest -->
