<?xml version="1.0" encoding="UTF-8"?>
<!-- Generated by org.testng.reporters.JUnitReportReporter -->
<testsuite hostname="LAPTOP-K7M0D56R" failures="0" tests="1" name="KitezerodhaTest.Mainhomepagetest" time="7.919" errors="0" timestamp="2022-06-15T10:36:29 IST" skipped="0">
  <testcase classname="KitezerodhaTest.Mainhomepagetest" name="loginWithvalidCredentials" time="7.919"/>
  <system-out/>
</testsuite> <!-- KitezerodhaTest.Mainhomepagetest -->
